2020-10-15 09:32:32,282 [Worker-0: Loading available Gradle versions] INFO  o.e.b.c.i.u.g.PublishedGradleVersions - Gradle version information cache is out-of-date. Trying to update.
2020-10-15 09:32:40,997 [Worker-14: Building] INFO  o.e.m.c.i.e.AbstractTransferListenerAdapter - Downloading https://repo.maven.apache.org/maven2/io/netty/netty-bom/4.1.29.Final/netty-bom-4.1.29.Final.pom
2020-10-15 09:32:41,052 [Worker-14: Building] INFO  o.e.m.c.i.e.AbstractTransferListenerAdapter - Downloaded https://repo.maven.apache.org/maven2/io/netty/netty-bom/4.1.29.Final/netty-bom-4.1.29.Final.pom
2020-10-15 09:32:41,082 [Worker-14: Building] INFO  o.e.m.c.i.e.AbstractTransferListenerAdapter - Downloading https://repo.maven.apache.org/maven2/io/projectreactor/reactor-bom/Bismuth-SR11/reactor-bom-Bismuth-SR11.pom
2020-10-15 09:32:41,102 [Worker-14: Building] INFO  o.e.m.c.i.e.AbstractTransferListenerAdapter - Downloaded https://repo.maven.apache.org/maven2/io/projectreactor/reactor-bom/Bismuth-SR11/reactor-bom-Bismuth-SR11.pom
2020-10-15 09:32:42,262 [Worker-14: Building] INFO  o.e.m.c.i.e.AbstractTransferListenerAdapter - Downloading https://repo.maven.apache.org/maven2/javax/annotation/javax.annotation-api/1.3.2/javax.annotation-api-1.3.2.pom
2020-10-15 09:32:42,287 [Worker-14: Building] INFO  o.e.m.c.i.e.AbstractTransferListenerAdapter - Downloaded https://repo.maven.apache.org/maven2/javax/annotation/javax.annotation-api/1.3.2/javax.annotation-api-1.3.2.pom
2020-10-15 09:32:42,387 [Worker-14: Building] INFO  o.e.m.c.i.e.AbstractTransferListenerAdapter - Downloading https://repo.maven.apache.org/maven2/io/projectreactor/reactor-core/3.1.9.RELEASE/reactor-core-3.1.9.RELEASE.pom
2020-10-15 09:32:42,409 [Worker-14: Building] INFO  o.e.m.c.i.e.AbstractTransferListenerAdapter - Downloaded https://repo.maven.apache.org/maven2/io/projectreactor/reactor-core/3.1.9.RELEASE/reactor-core-3.1.9.RELEASE.pom
2020-10-15 09:32:42,563 [Worker-14: Building] INFO  o.e.m.c.i.e.AbstractTransferListenerAdapter - Downloading https://repo.maven.apache.org/maven2/junit/junit/4.12/junit-4.12.pom
2020-10-15 09:32:42,581 [Worker-14: Building] INFO  o.e.m.c.i.e.AbstractTransferListenerAdapter - Downloaded https://repo.maven.apache.org/maven2/junit/junit/4.12/junit-4.12.pom
2020-10-15 09:32:42,633 [Worker-14: Building] INFO  o.e.m.c.i.e.AbstractTransferListenerAdapter - Downloading https://repo.maven.apache.org/maven2/net/bytebuddy/byte-buddy/1.7.11/byte-buddy-1.7.11.pom
2020-10-15 09:32:42,652 [Worker-14: Building] INFO  o.e.m.c.i.e.AbstractTransferListenerAdapter - Downloaded https://repo.maven.apache.org/maven2/net/bytebuddy/byte-buddy/1.7.11/byte-buddy-1.7.11.pom
2020-10-15 09:32:42,674 [Worker-14: Building] INFO  o.e.m.c.i.e.AbstractTransferListenerAdapter - Downloading https://repo.maven.apache.org/maven2/net/bytebuddy/byte-buddy-parent/1.7.11/byte-buddy-parent-1.7.11.pom
2020-10-15 09:32:42,698 [Worker-14: Building] INFO  o.e.m.c.i.e.AbstractTransferListenerAdapter - Downloaded https://repo.maven.apache.org/maven2/net/bytebuddy/byte-buddy-parent/1.7.11/byte-buddy-parent-1.7.11.pom
2020-10-15 09:32:42,722 [Worker-14: Building] INFO  o.e.m.c.i.e.AbstractTransferListenerAdapter - Downloading https://repo.maven.apache.org/maven2/net/bytebuddy/byte-buddy-agent/1.7.11/byte-buddy-agent-1.7.11.pom
2020-10-15 09:32:42,746 [Worker-14: Building] INFO  o.e.m.c.i.e.AbstractTransferListenerAdapter - Downloaded https://repo.maven.apache.org/maven2/net/bytebuddy/byte-buddy-agent/1.7.11/byte-buddy-agent-1.7.11.pom
2020-10-15 09:32:42,942 [AetherRepositoryConnector-repo.maven.apache.org-0-2] INFO  o.e.m.c.i.e.AbstractTransferListenerAdapter - Downloading https://repo.maven.apache.org/maven2/junit/junit/4.12/junit-4.12.jar
2020-10-15 09:32:42,972 [AetherRepositoryConnector-repo.maven.apache.org-0-0] INFO  o.e.m.c.i.e.AbstractTransferListenerAdapter - Downloading https://repo.maven.apache.org/maven2/javax/annotation/javax.annotation-api/1.3.2/javax.annotation-api-1.3.2.jar
2020-10-15 09:32:42,987 [AetherRepositoryConnector-repo.maven.apache.org-0-3] INFO  o.e.m.c.i.e.AbstractTransferListenerAdapter - Downloading https://repo.maven.apache.org/maven2/net/bytebuddy/byte-buddy/1.7.11/byte-buddy-1.7.11.jar
2020-10-15 09:32:42,987 [AetherRepositoryConnector-repo.maven.apache.org-0-4] INFO  o.e.m.c.i.e.AbstractTransferListenerAdapter - Downloading https://repo.maven.apache.org/maven2/net/bytebuddy/byte-buddy-agent/1.7.11/byte-buddy-agent-1.7.11.jar
2020-10-15 09:32:42,987 [AetherRepositoryConnector-repo.maven.apache.org-0-1] INFO  o.e.m.c.i.e.AbstractTransferListenerAdapter - Downloading https://repo.maven.apache.org/maven2/io/projectreactor/reactor-core/3.1.9.RELEASE/reactor-core-3.1.9.RELEASE.jar
2020-10-15 09:32:43,017 [AetherRepositoryConnector-repo.maven.apache.org-0-0] INFO  o.e.m.c.i.e.AbstractTransferListenerAdapter - Downloaded https://repo.maven.apache.org/maven2/javax/annotation/javax.annotation-api/1.3.2/javax.annotation-api-1.3.2.jar
2020-10-15 09:32:43,042 [AetherRepositoryConnector-repo.maven.apache.org-0-4] INFO  o.e.m.c.i.e.AbstractTransferListenerAdapter - Downloaded https://repo.maven.apache.org/maven2/net/bytebuddy/byte-buddy-agent/1.7.11/byte-buddy-agent-1.7.11.jar
2020-10-15 09:32:43,083 [AetherRepositoryConnector-repo.maven.apache.org-0-2] INFO  o.e.m.c.i.e.AbstractTransferListenerAdapter - Downloaded https://repo.maven.apache.org/maven2/junit/junit/4.12/junit-4.12.jar
2020-10-15 09:32:43,352 [AetherRepositoryConnector-repo.maven.apache.org-0-1] INFO  o.e.m.c.i.e.AbstractTransferListenerAdapter - Downloaded https://repo.maven.apache.org/maven2/io/projectreactor/reactor-core/3.1.9.RELEASE/reactor-core-3.1.9.RELEASE.jar
2020-10-15 09:32:43,422 [AetherRepositoryConnector-repo.maven.apache.org-0-3] INFO  o.e.m.c.i.e.AbstractTransferListenerAdapter - Downloaded https://repo.maven.apache.org/maven2/net/bytebuddy/byte-buddy/1.7.11/byte-buddy-1.7.11.jar
2020-10-15 09:32:45,086 [Worker-14: Building] INFO  o.e.m.c.i.embedder.EclipseLogger - Using 'UTF-8' encoding to copy filtered resources.
2020-10-15 09:32:45,094 [Worker-14: Building] INFO  o.e.m.c.i.embedder.EclipseLogger - Copying 1 resource
2020-10-15 09:32:45,124 [Worker-14: Building] INFO  o.e.m.c.i.embedder.EclipseLogger - Copying 0 resource
2020-10-15 09:32:45,126 [Worker-14: Building] INFO  o.e.m.c.i.embedder.EclipseLogger - Using 'UTF-8' encoding to copy filtered resources.
2020-10-15 09:32:45,126 [Worker-14: Building] INFO  o.e.m.c.i.embedder.EclipseLogger - skip non existing resourceDirectory C:\Users\belarbim\Desktop\enseignement\IALTEM\StyleArchitecture\spring-integration-example-1-master.zip_expanded\spring-integration-example-1-master\src\test\resources
2020-10-15 09:33:49,338 [Worker-15: Building] INFO  o.e.m.c.i.embedder.EclipseLogger - Using 'UTF-8' encoding to copy filtered resources.
2020-10-15 09:33:49,343 [Worker-15: Building] INFO  o.e.m.c.i.embedder.EclipseLogger - Copying 1 resource
2020-10-15 09:33:49,346 [Worker-15: Building] INFO  o.e.m.c.i.embedder.EclipseLogger - Copying 0 resource
2020-10-15 09:33:49,350 [Worker-15: Building] INFO  o.e.m.c.i.embedder.EclipseLogger - Using 'UTF-8' encoding to copy filtered resources.
2020-10-15 09:33:49,350 [Worker-15: Building] INFO  o.e.m.c.i.embedder.EclipseLogger - skip non existing resourceDirectory C:\Users\belarbim\Desktop\enseignement\IALTEM\StyleArchitecture\spring-integration-example-1-master.zip_expanded\spring-integration-example-1-master\src\test\resources
2020-10-22 09:36:47,478 [main] ERROR org.eclipse.jgit.util.SystemReader - Creating XDG_CONFIG_HOME directory U:\.config failed
java.nio.file.FileSystemException: U:\.config: Unable to determine if root directory exists
	at java.base/java.nio.file.Files.createDirectories(Files.java:771) ~[na:na]
	at org.eclipse.jgit.util.SystemReader$Default.getXDGConfigHome(SystemReader.java:120) ~[na:na]
	at org.eclipse.jgit.util.SystemReader$Default.openJGitConfig(SystemReader.java:131) ~[na:na]
	at org.eclipse.jgit.util.SystemReader.getJGitConfig(SystemReader.java:348) ~[na:na]
	at org.eclipse.jgit.util.SystemReader.getSystemConfig(SystemReader.java:373) ~[na:na]
	at org.eclipse.jgit.util.SystemReader.getUserConfig(SystemReader.java:321) ~[na:na]
	at org.eclipse.egit.core.Activator$EclipseSystemReader.getUserConfig(Activator.java:1177) ~[na:na]
	at org.eclipse.jgit.util.Monitoring.registerMBean(Monitoring.java:54) ~[na:na]
	at org.eclipse.jgit.internal.storage.file.WindowCache.<init>(WindowCache.java:474) ~[na:na]
	at org.eclipse.jgit.internal.storage.file.WindowCache.reconfigure(WindowCache.java:362) ~[na:na]
	at org.eclipse.jgit.internal.storage.file.WindowCache.<clinit>(WindowCache.java:343) ~[na:na]
	at org.eclipse.jgit.storage.file.WindowCacheConfig.install(WindowCacheConfig.java:304) ~[na:na]
	at org.eclipse.egit.core.project.GitProjectData.reconfigureWindowCache(GitProjectData.java:429) ~[na:na]
	at org.eclipse.egit.core.Activator.start(Activator.java:260) ~[na:na]
	at org.eclipse.osgi.internal.framework.BundleContextImpl$3.run(BundleContextImpl.java:843) ~[org.eclipse.osgi_3.15.300.v20200520-1959.jar:na]
	at org.eclipse.osgi.internal.framework.BundleContextImpl$3.run(BundleContextImpl.java:1) ~[org.eclipse.osgi_3.15.300.v20200520-1959.jar:na]
	at java.base/java.security.AccessController.doPrivileged(Native Method) ~[na:na]
	at org.eclipse.osgi.internal.framework.BundleContextImpl.startActivator(BundleContextImpl.java:835) ~[org.eclipse.osgi_3.15.300.v20200520-1959.jar:na]
	at org.eclipse.osgi.internal.framework.BundleContextImpl.start(BundleContextImpl.java:792) ~[org.eclipse.osgi_3.15.300.v20200520-1959.jar:na]
	at org.eclipse.osgi.internal.framework.EquinoxBundle.startWorker0(EquinoxBundle.java:1015) ~[org.eclipse.osgi_3.15.300.v20200520-1959.jar:na]
	at org.eclipse.osgi.internal.framework.EquinoxBundle$EquinoxModule.startWorker(EquinoxBundle.java:365) ~[org.eclipse.osgi_3.15.300.v20200520-1959.jar:na]
	at org.eclipse.osgi.container.Module.doStart(Module.java:605) ~[org.eclipse.osgi_3.15.300.v20200520-1959.jar:na]
	at org.eclipse.osgi.container.Module.start(Module.java:468) ~[org.eclipse.osgi_3.15.300.v20200520-1959.jar:na]
	at org.eclipse.osgi.framework.util.SecureAction.start(SecureAction.java:493) ~[org.eclipse.osgi_3.15.300.v20200520-1959.jar:na]
	at org.eclipse.osgi.internal.hooks.EclipseLazyStarter.postFindLocalClass(EclipseLazyStarter.java:117) ~[na:na]
	at org.eclipse.osgi.internal.loader.classpath.ClasspathManager.findLocalClass(ClasspathManager.java:571) ~[org.eclipse.osgi_3.15.300.v20200520-1959.jar:na]
	at org.eclipse.osgi.internal.loader.ModuleClassLoader.findLocalClass(ModuleClassLoader.java:346) ~[org.eclipse.osgi_3.15.300.v20200520-1959.jar:na]
	at org.eclipse.osgi.internal.loader.BundleLoader.findLocalClass(BundleLoader.java:398) ~[org.eclipse.osgi_3.15.300.v20200520-1959.jar:na]
	at org.eclipse.osgi.internal.loader.sources.SingleSourcePackage.loadClass(SingleSourcePackage.java:41) ~[org.eclipse.osgi_3.15.300.v20200520-1959.jar:na]
	at org.eclipse.osgi.internal.loader.BundleLoader.findClass(BundleLoader.java:456) ~[org.eclipse.osgi_3.15.300.v20200520-1959.jar:na]
	at org.eclipse.osgi.internal.loader.ModuleClassLoader.loadClass(ModuleClassLoader.java:171) ~[org.eclipse.osgi_3.15.300.v20200520-1959.jar:na]
	at java.base/java.lang.ClassLoader.loadClass(ClassLoader.java:521) ~[na:na]
	at org.eclipse.egit.ui.Activator$RepositoryChangeScanner.<init>(Activator.java:632) ~[na:na]
	at org.eclipse.egit.ui.Activator.setupRepoChangeScanner(Activator.java:897) ~[na:na]
	at org.eclipse.egit.ui.Activator.start(Activator.java:348) ~[na:na]
	at org.eclipse.osgi.internal.framework.BundleContextImpl$3.run(BundleContextImpl.java:843) ~[org.eclipse.osgi_3.15.300.v20200520-1959.jar:na]
	at org.eclipse.osgi.internal.framework.BundleContextImpl$3.run(BundleContextImpl.java:1) ~[org.eclipse.osgi_3.15.300.v20200520-1959.jar:na]
	at java.base/java.security.AccessController.doPrivileged(Native Method) ~[na:na]
	at org.eclipse.osgi.internal.framework.BundleContextImpl.startActivator(BundleContextImpl.java:835) ~[org.eclipse.osgi_3.15.300.v20200520-1959.jar:na]
	at org.eclipse.osgi.internal.framework.BundleContextImpl.start(BundleContextImpl.java:792) ~[org.eclipse.osgi_3.15.300.v20200520-1959.jar:na]
	at org.eclipse.osgi.internal.framework.EquinoxBundle.startWorker0(EquinoxBundle.java:1015) ~[org.eclipse.osgi_3.15.300.v20200520-1959.jar:na]
	at org.eclipse.osgi.internal.framework.EquinoxBundle$EquinoxModule.startWorker(EquinoxBundle.java:365) ~[org.eclipse.osgi_3.15.300.v20200520-1959.jar:na]
	at org.eclipse.osgi.container.Module.doStart(Module.java:605) ~[org.eclipse.osgi_3.15.300.v20200520-1959.jar:na]
	at org.eclipse.osgi.container.Module.start(Module.java:468) ~[org.eclipse.osgi_3.15.300.v20200520-1959.jar:na]
	at org.eclipse.osgi.framework.util.SecureAction.start(SecureAction.java:493) ~[org.eclipse.osgi_3.15.300.v20200520-1959.jar:na]
	at org.eclipse.osgi.internal.hooks.EclipseLazyStarter.postFindLocalClass(EclipseLazyStarter.java:117) ~[na:na]
	at org.eclipse.osgi.internal.loader.classpath.ClasspathManager.findLocalClass(ClasspathManager.java:571) ~[org.eclipse.osgi_3.15.300.v20200520-1959.jar:na]
	at org.eclipse.osgi.internal.loader.ModuleClassLoader.findLocalClass(ModuleClassLoader.java:346) ~[org.eclipse.osgi_3.15.300.v20200520-1959.jar:na]
	at org.eclipse.osgi.internal.loader.BundleLoader.findLocalClass(BundleLoader.java:398) ~[org.eclipse.osgi_3.15.300.v20200520-1959.jar:na]
	at org.eclipse.osgi.internal.loader.BundleLoader.findClass(BundleLoader.java:477) ~[org.eclipse.osgi_3.15.300.v20200520-1959.jar:na]
	at org.eclipse.osgi.internal.loader.ModuleClassLoader.loadClass(ModuleClassLoader.java:171) ~[org.eclipse.osgi_3.15.300.v20200520-1959.jar:na]
	at java.base/java.lang.ClassLoader.loadClass(ClassLoader.java:521) ~[na:na]
	at org.eclipse.osgi.internal.framework.EquinoxBundle.loadClass(EquinoxBundle.java:620) ~[org.eclipse.osgi_3.15.300.v20200520-1959.jar:na]
	at org.eclipse.core.internal.registry.osgi.RegistryStrategyOSGI.createExecutableExtension(RegistryStrategyOSGI.java:196) ~[org.eclipse.equinox.registry_3.8.800.v20200406-0956.jar:na]
	at org.eclipse.core.internal.registry.ExtensionRegistry.createExecutableExtension(ExtensionRegistry.java:923) ~[org.eclipse.equinox.registry_3.8.800.v20200406-0956.jar:na]
	at org.eclipse.core.internal.registry.ConfigurationElement.createExecutableExtension(ConfigurationElement.java:246) ~[org.eclipse.equinox.registry_3.8.800.v20200406-0956.jar:na]
	at org.eclipse.core.internal.registry.ConfigurationElementHandle.createExecutableExtension(ConfigurationElementHandle.java:63) ~[org.eclipse.equinox.registry_3.8.800.v20200406-0956.jar:na]
	at org.eclipse.ui.internal.services.WorkbenchServiceRegistry.getSourceProviders(WorkbenchServiceRegistry.java:170) ~[na:na]
	at org.eclipse.ui.internal.services.SourceProviderService.readRegistry(SourceProviderService.java:104) ~[na:na]
	at org.eclipse.ui.internal.Workbench$34.runWithException(Workbench.java:2322) ~[na:na]
	at org.eclipse.ui.internal.StartupThreading$StartupRunnable.run(StartupThreading.java:36) ~[na:na]
	at org.eclipse.swt.widgets.Synchronizer.syncExec(Synchronizer.java:236) ~[org.eclipse.swt.win32.win32.x86_64_3.114.100.v20200604-0951.jar:na]
	at org.eclipse.ui.internal.UISynchronizer.syncExec(UISynchronizer.java:133) ~[na:na]
	at org.eclipse.swt.widgets.Display.syncExec(Display.java:4735) ~[org.eclipse.swt.win32.win32.x86_64_3.114.100.v20200604-0951.jar:na]
	at org.eclipse.ui.internal.StartupThreading.runWithoutExceptions(StartupThreading.java:94) ~[na:na]
	at org.eclipse.ui.internal.Workbench.initializeDefaultServices(Workbench.java:2317) ~[na:na]
	at org.eclipse.ui.internal.Workbench.init(Workbench.java:1640) ~[na:na]
	at org.eclipse.ui.internal.Workbench.runUI(Workbench.java:2793) ~[na:na]
	at org.eclipse.ui.internal.Workbench.lambda$3(Workbench.java:646) ~[na:na]
	at org.eclipse.core.databinding.observable.Realm.runWithDefault(Realm.java:338) ~[na:na]
	at org.eclipse.ui.internal.Workbench.createAndRunWorkbench(Workbench.java:557) ~[na:na]
	at org.eclipse.ui.PlatformUI.createAndRunWorkbench(PlatformUI.java:154) ~[na:na]
	at org.eclipse.ui.internal.ide.application.IDEApplication.start(IDEApplication.java:150) ~[na:na]
	at org.eclipse.equinox.internal.app.EclipseAppHandle.run(EclipseAppHandle.java:203) ~[org.eclipse.equinox.app_1.4.500.v20200422-1833.jar:na]
	at org.eclipse.core.runtime.internal.adaptor.EclipseAppLauncher.runApplication(EclipseAppLauncher.java:137) ~[org.eclipse.osgi_3.15.300.v20200520-1959.jar:na]
	at org.eclipse.core.runtime.internal.adaptor.EclipseAppLauncher.start(EclipseAppLauncher.java:107) ~[org.eclipse.osgi_3.15.300.v20200520-1959.jar:na]
	at org.eclipse.core.runtime.adaptor.EclipseStarter.run(EclipseStarter.java:401) ~[org.eclipse.osgi_3.15.300.v20200520-1959.jar:na]
	at org.eclipse.core.runtime.adaptor.EclipseStarter.run(EclipseStarter.java:255) ~[org.eclipse.osgi_3.15.300.v20200520-1959.jar:na]
	at java.base/jdk.internal.reflect.NativeMethodAccessorImpl.invoke0(Native Method) ~[na:na]
	at java.base/jdk.internal.reflect.NativeMethodAccessorImpl.invoke(NativeMethodAccessorImpl.java:62) ~[na:na]
	at java.base/jdk.internal.reflect.DelegatingMethodAccessorImpl.invoke(DelegatingMethodAccessorImpl.java:43) ~[na:na]
	at java.base/java.lang.reflect.Method.invoke(Method.java:566) ~[na:na]
	at org.eclipse.equinox.launcher.Main.invokeFramework(Main.java:657) ~[org.eclipse.equinox.launcher_1.5.700.v20200207-2156.jar:na]
	at org.eclipse.equinox.launcher.Main.basicRun(Main.java:594) ~[org.eclipse.equinox.launcher_1.5.700.v20200207-2156.jar:na]
	at org.eclipse.equinox.launcher.Main.run(Main.java:1447) ~[org.eclipse.equinox.launcher_1.5.700.v20200207-2156.jar:na]
2020-10-22 09:37:16,918 [FileStoreAttributeReader-1] ERROR org.eclipse.jgit.util.FS - Cannot save config file 'FileBasedConfig[U:\.jgitconfig]'
java.io.IOException: Creating directories for U:\ failed
	at org.eclipse.jgit.util.FileUtils.mkdirs(FileUtils.java:411) ~[na:na]
	at org.eclipse.jgit.internal.storage.file.LockFile.lock(LockFile.java:130) ~[na:na]
	at org.eclipse.jgit.storage.file.FileBasedConfig.save(FileBasedConfig.java:219) ~[na:na]
	at org.eclipse.jgit.util.FS$FileStoreAttributes.saveToConfig(FS.java:594) ~[na:na]
	at org.eclipse.jgit.util.FS$FileStoreAttributes.lambda$1(FS.java:370) ~[na:na]
	at java.base/java.util.concurrent.CompletableFuture$AsyncSupply.run(CompletableFuture.java:1700) ~[na:na]
	at java.base/java.util.concurrent.ThreadPoolExecutor.runWorker(ThreadPoolExecutor.java:1128) ~[na:na]
	at java.base/java.util.concurrent.ThreadPoolExecutor$Worker.run(ThreadPoolExecutor.java:628) ~[na:na]
	at java.base/java.lang.Thread.run(Thread.java:834) ~[na:na]
2020-10-22 09:37:17,098 [Worker-1: Loading available Gradle versions] INFO  o.e.b.c.i.u.g.PublishedGradleVersions - Gradle version information cache is up-to-date. Trying to read.
2020-10-22 10:05:33,111 [Worker-33: Remove Repositories] WARN  org.eclipse.jgit.lib.Repository - close() called when useCnt is already zero for Repository[C:\Users\belarbim\Desktop\enseignement\IALTEM\StyleArchitecture\Test0preparation\.git]
2020-10-22 10:15:01,006 [Worker-38: Git Repository Change Scanner] WARN  org.eclipse.jgit.lib.Repository - close() called when useCnt is already zero for Repository[C:\Users\belarbim\Desktop\enseignement\Cours Bac3\GitDemo\testProject1\.git]
2020-10-22 12:07:04,277 [Worker-56: Git Repository Change Scanner] WARN  org.eclipse.jgit.lib.Repository - close() called when useCnt is already zero for Repository[C:\Users\belarbim\Desktop\enseignement\IALTEM\StyleArchitecture\testProject1\.git]
2020-10-22 12:14:01,837 [main] ERROR org.eclipse.jgit.util.SystemReader - Creating XDG_CONFIG_HOME directory U:\.config failed
java.nio.file.FileSystemException: U:\.config: Unable to determine if root directory exists
	at java.base/java.nio.file.Files.createDirectories(Files.java:771) ~[na:na]
	at org.eclipse.jgit.util.SystemReader$Default.getXDGConfigHome(SystemReader.java:120) ~[na:na]
	at org.eclipse.jgit.util.SystemReader$Default.openJGitConfig(SystemReader.java:131) ~[na:na]
	at org.eclipse.jgit.util.SystemReader.getJGitConfig(SystemReader.java:348) ~[na:na]
	at org.eclipse.jgit.util.SystemReader.getSystemConfig(SystemReader.java:373) ~[na:na]
	at org.eclipse.jgit.util.SystemReader.getUserConfig(SystemReader.java:321) ~[na:na]
	at org.eclipse.egit.core.Activator$EclipseSystemReader.getUserConfig(Activator.java:1177) ~[na:na]
	at org.eclipse.jgit.util.Monitoring.registerMBean(Monitoring.java:54) ~[na:na]
	at org.eclipse.jgit.internal.storage.file.WindowCache.<init>(WindowCache.java:474) ~[na:na]
	at org.eclipse.jgit.internal.storage.file.WindowCache.reconfigure(WindowCache.java:362) ~[na:na]
	at org.eclipse.jgit.internal.storage.file.WindowCache.<clinit>(WindowCache.java:343) ~[na:na]
	at org.eclipse.jgit.storage.file.WindowCacheConfig.install(WindowCacheConfig.java:304) ~[na:na]
	at org.eclipse.egit.core.project.GitProjectData.reconfigureWindowCache(GitProjectData.java:429) ~[na:na]
	at org.eclipse.egit.core.Activator.start(Activator.java:260) ~[na:na]
	at org.eclipse.osgi.internal.framework.BundleContextImpl$3.run(BundleContextImpl.java:843) ~[org.eclipse.osgi_3.15.300.v20200520-1959.jar:na]
	at org.eclipse.osgi.internal.framework.BundleContextImpl$3.run(BundleContextImpl.java:1) ~[org.eclipse.osgi_3.15.300.v20200520-1959.jar:na]
	at java.base/java.security.AccessController.doPrivileged(Native Method) ~[na:na]
	at org.eclipse.osgi.internal.framework.BundleContextImpl.startActivator(BundleContextImpl.java:835) ~[org.eclipse.osgi_3.15.300.v20200520-1959.jar:na]
	at org.eclipse.osgi.internal.framework.BundleContextImpl.start(BundleContextImpl.java:792) ~[org.eclipse.osgi_3.15.300.v20200520-1959.jar:na]
	at org.eclipse.osgi.internal.framework.EquinoxBundle.startWorker0(EquinoxBundle.java:1015) ~[org.eclipse.osgi_3.15.300.v20200520-1959.jar:na]
	at org.eclipse.osgi.internal.framework.EquinoxBundle$EquinoxModule.startWorker(EquinoxBundle.java:365) ~[org.eclipse.osgi_3.15.300.v20200520-1959.jar:na]
	at org.eclipse.osgi.container.Module.doStart(Module.java:605) ~[org.eclipse.osgi_3.15.300.v20200520-1959.jar:na]
	at org.eclipse.osgi.container.Module.start(Module.java:468) ~[org.eclipse.osgi_3.15.300.v20200520-1959.jar:na]
	at org.eclipse.osgi.framework.util.SecureAction.start(SecureAction.java:493) ~[org.eclipse.osgi_3.15.300.v20200520-1959.jar:na]
	at org.eclipse.osgi.internal.hooks.EclipseLazyStarter.postFindLocalClass(EclipseLazyStarter.java:117) ~[na:na]
	at org.eclipse.osgi.internal.loader.classpath.ClasspathManager.findLocalClass(ClasspathManager.java:571) ~[org.eclipse.osgi_3.15.300.v20200520-1959.jar:na]
	at org.eclipse.osgi.internal.loader.ModuleClassLoader.findLocalClass(ModuleClassLoader.java:346) ~[org.eclipse.osgi_3.15.300.v20200520-1959.jar:na]
	at org.eclipse.osgi.internal.loader.BundleLoader.findLocalClass(BundleLoader.java:398) ~[org.eclipse.osgi_3.15.300.v20200520-1959.jar:na]
	at org.eclipse.osgi.internal.loader.sources.SingleSourcePackage.loadClass(SingleSourcePackage.java:41) ~[org.eclipse.osgi_3.15.300.v20200520-1959.jar:na]
	at org.eclipse.osgi.internal.loader.BundleLoader.findClass(BundleLoader.java:456) ~[org.eclipse.osgi_3.15.300.v20200520-1959.jar:na]
	at org.eclipse.osgi.internal.loader.ModuleClassLoader.loadClass(ModuleClassLoader.java:171) ~[org.eclipse.osgi_3.15.300.v20200520-1959.jar:na]
	at java.base/java.lang.ClassLoader.loadClass(ClassLoader.java:521) ~[na:na]
	at org.eclipse.egit.ui.Activator$RepositoryChangeScanner.<init>(Activator.java:632) ~[na:na]
	at org.eclipse.egit.ui.Activator.setupRepoChangeScanner(Activator.java:897) ~[na:na]
	at org.eclipse.egit.ui.Activator.start(Activator.java:348) ~[na:na]
	at org.eclipse.osgi.internal.framework.BundleContextImpl$3.run(BundleContextImpl.java:843) ~[org.eclipse.osgi_3.15.300.v20200520-1959.jar:na]
	at org.eclipse.osgi.internal.framework.BundleContextImpl$3.run(BundleContextImpl.java:1) ~[org.eclipse.osgi_3.15.300.v20200520-1959.jar:na]
	at java.base/java.security.AccessController.doPrivileged(Native Method) ~[na:na]
	at org.eclipse.osgi.internal.framework.BundleContextImpl.startActivator(BundleContextImpl.java:835) ~[org.eclipse.osgi_3.15.300.v20200520-1959.jar:na]
	at org.eclipse.osgi.internal.framework.BundleContextImpl.start(BundleContextImpl.java:792) ~[org.eclipse.osgi_3.15.300.v20200520-1959.jar:na]
	at org.eclipse.osgi.internal.framework.EquinoxBundle.startWorker0(EquinoxBundle.java:1015) ~[org.eclipse.osgi_3.15.300.v20200520-1959.jar:na]
	at org.eclipse.osgi.internal.framework.EquinoxBundle$EquinoxModule.startWorker(EquinoxBundle.java:365) ~[org.eclipse.osgi_3.15.300.v20200520-1959.jar:na]
	at org.eclipse.osgi.container.Module.doStart(Module.java:605) ~[org.eclipse.osgi_3.15.300.v20200520-1959.jar:na]
	at org.eclipse.osgi.container.Module.start(Module.java:468) ~[org.eclipse.osgi_3.15.300.v20200520-1959.jar:na]
	at org.eclipse.osgi.framework.util.SecureAction.start(SecureAction.java:493) ~[org.eclipse.osgi_3.15.300.v20200520-1959.jar:na]
	at org.eclipse.osgi.internal.hooks.EclipseLazyStarter.postFindLocalClass(EclipseLazyStarter.java:117) ~[na:na]
	at org.eclipse.osgi.internal.loader.classpath.ClasspathManager.findLocalClass(ClasspathManager.java:571) ~[org.eclipse.osgi_3.15.300.v20200520-1959.jar:na]
	at org.eclipse.osgi.internal.loader.ModuleClassLoader.findLocalClass(ModuleClassLoader.java:346) ~[org.eclipse.osgi_3.15.300.v20200520-1959.jar:na]
	at org.eclipse.osgi.internal.loader.BundleLoader.findLocalClass(BundleLoader.java:398) ~[org.eclipse.osgi_3.15.300.v20200520-1959.jar:na]
	at org.eclipse.osgi.internal.loader.BundleLoader.findClass(BundleLoader.java:477) ~[org.eclipse.osgi_3.15.300.v20200520-1959.jar:na]
	at org.eclipse.osgi.internal.loader.ModuleClassLoader.loadClass(ModuleClassLoader.java:171) ~[org.eclipse.osgi_3.15.300.v20200520-1959.jar:na]
	at java.base/java.lang.ClassLoader.loadClass(ClassLoader.java:521) ~[na:na]
	at org.eclipse.osgi.internal.framework.EquinoxBundle.loadClass(EquinoxBundle.java:620) ~[org.eclipse.osgi_3.15.300.v20200520-1959.jar:na]
	at org.eclipse.core.internal.registry.osgi.RegistryStrategyOSGI.createExecutableExtension(RegistryStrategyOSGI.java:196) ~[org.eclipse.equinox.registry_3.8.800.v20200406-0956.jar:na]
	at org.eclipse.core.internal.registry.ExtensionRegistry.createExecutableExtension(ExtensionRegistry.java:923) ~[org.eclipse.equinox.registry_3.8.800.v20200406-0956.jar:na]
	at org.eclipse.core.internal.registry.ConfigurationElement.createExecutableExtension(ConfigurationElement.java:246) ~[org.eclipse.equinox.registry_3.8.800.v20200406-0956.jar:na]
	at org.eclipse.core.internal.registry.ConfigurationElementHandle.createExecutableExtension(ConfigurationElementHandle.java:63) ~[org.eclipse.equinox.registry_3.8.800.v20200406-0956.jar:na]
	at org.eclipse.ui.internal.services.WorkbenchServiceRegistry.getSourceProviders(WorkbenchServiceRegistry.java:170) ~[na:na]
	at org.eclipse.ui.internal.services.SourceProviderService.readRegistry(SourceProviderService.java:104) ~[na:na]
	at org.eclipse.ui.internal.Workbench$34.runWithException(Workbench.java:2322) ~[na:na]
	at org.eclipse.ui.internal.StartupThreading$StartupRunnable.run(StartupThreading.java:36) ~[na:na]
	at org.eclipse.swt.widgets.Synchronizer.syncExec(Synchronizer.java:236) ~[org.eclipse.swt.win32.win32.x86_64_3.114.100.v20200604-0951.jar:na]
	at org.eclipse.ui.internal.UISynchronizer.syncExec(UISynchronizer.java:133) ~[na:na]
	at org.eclipse.swt.widgets.Display.syncExec(Display.java:4735) ~[org.eclipse.swt.win32.win32.x86_64_3.114.100.v20200604-0951.jar:na]
	at org.eclipse.ui.internal.StartupThreading.runWithoutExceptions(StartupThreading.java:94) ~[na:na]
	at org.eclipse.ui.internal.Workbench.initializeDefaultServices(Workbench.java:2317) ~[na:na]
	at org.eclipse.ui.internal.Workbench.init(Workbench.java:1640) ~[na:na]
	at org.eclipse.ui.internal.Workbench.runUI(Workbench.java:2793) ~[na:na]
	at org.eclipse.ui.internal.Workbench.lambda$3(Workbench.java:646) ~[na:na]
	at org.eclipse.core.databinding.observable.Realm.runWithDefault(Realm.java:338) ~[na:na]
	at org.eclipse.ui.internal.Workbench.createAndRunWorkbench(Workbench.java:557) ~[na:na]
	at org.eclipse.ui.PlatformUI.createAndRunWorkbench(PlatformUI.java:154) ~[na:na]
	at org.eclipse.ui.internal.ide.application.IDEApplication.start(IDEApplication.java:150) ~[na:na]
	at org.eclipse.equinox.internal.app.EclipseAppHandle.run(EclipseAppHandle.java:203) ~[org.eclipse.equinox.app_1.4.500.v20200422-1833.jar:na]
	at org.eclipse.core.runtime.internal.adaptor.EclipseAppLauncher.runApplication(EclipseAppLauncher.java:137) ~[org.eclipse.osgi_3.15.300.v20200520-1959.jar:na]
	at org.eclipse.core.runtime.internal.adaptor.EclipseAppLauncher.start(EclipseAppLauncher.java:107) ~[org.eclipse.osgi_3.15.300.v20200520-1959.jar:na]
	at org.eclipse.core.runtime.adaptor.EclipseStarter.run(EclipseStarter.java:401) ~[org.eclipse.osgi_3.15.300.v20200520-1959.jar:na]
	at org.eclipse.core.runtime.adaptor.EclipseStarter.run(EclipseStarter.java:255) ~[org.eclipse.osgi_3.15.300.v20200520-1959.jar:na]
	at java.base/jdk.internal.reflect.NativeMethodAccessorImpl.invoke0(Native Method) ~[na:na]
	at java.base/jdk.internal.reflect.NativeMethodAccessorImpl.invoke(NativeMethodAccessorImpl.java:62) ~[na:na]
	at java.base/jdk.internal.reflect.DelegatingMethodAccessorImpl.invoke(DelegatingMethodAccessorImpl.java:43) ~[na:na]
	at java.base/java.lang.reflect.Method.invoke(Method.java:566) ~[na:na]
	at org.eclipse.equinox.launcher.Main.invokeFramework(Main.java:657) ~[org.eclipse.equinox.launcher_1.5.700.v20200207-2156.jar:na]
	at org.eclipse.equinox.launcher.Main.basicRun(Main.java:594) ~[org.eclipse.equinox.launcher_1.5.700.v20200207-2156.jar:na]
	at org.eclipse.equinox.launcher.Main.run(Main.java:1447) ~[org.eclipse.equinox.launcher_1.5.700.v20200207-2156.jar:na]
2020-10-22 12:14:14,873 [Worker-0: Loading available Gradle versions] INFO  o.e.b.c.i.u.g.PublishedGradleVersions - Gradle version information cache is up-to-date. Trying to read.
2020-10-22 12:14:15,752 [FileStoreAttributeReader-1] ERROR org.eclipse.jgit.util.FS - Cannot save config file 'FileBasedConfig[U:\.jgitconfig]'
java.io.IOException: Creating directories for U:\ failed
	at org.eclipse.jgit.util.FileUtils.mkdirs(FileUtils.java:411) ~[na:na]
	at org.eclipse.jgit.internal.storage.file.LockFile.lock(LockFile.java:130) ~[na:na]
	at org.eclipse.jgit.storage.file.FileBasedConfig.save(FileBasedConfig.java:219) ~[na:na]
	at org.eclipse.jgit.util.FS$FileStoreAttributes.saveToConfig(FS.java:594) ~[na:na]
	at org.eclipse.jgit.util.FS$FileStoreAttributes.lambda$1(FS.java:370) ~[na:na]
	at java.base/java.util.concurrent.CompletableFuture$AsyncSupply.run(CompletableFuture.java:1700) ~[na:na]
	at java.base/java.util.concurrent.ThreadPoolExecutor.runWorker(ThreadPoolExecutor.java:1128) ~[na:na]
	at java.base/java.util.concurrent.ThreadPoolExecutor$Worker.run(ThreadPoolExecutor.java:628) ~[na:na]
	at java.base/java.lang.Thread.run(Thread.java:834) ~[na:na]
2020-10-22 12:26:14,711 [ModalContext] WARN  org.eclipse.jgit.lib.Repository - close() called when useCnt is already zero for Repository[C:\Users\belarbim\Desktop\enseignement\IALTEM\StyleArchitecture\TestProjectClonedV0\.git]
2020-10-22 12:28:01,174 [main] ERROR org.eclipse.jgit.util.SystemReader - Creating XDG_CONFIG_HOME directory U:\.config failed
java.nio.file.FileSystemException: U:\.config: Unable to determine if root directory exists
	at java.base/java.nio.file.Files.createDirectories(Files.java:771) ~[na:na]
	at org.eclipse.jgit.util.SystemReader$Default.getXDGConfigHome(SystemReader.java:120) ~[na:na]
	at org.eclipse.jgit.util.SystemReader$Default.openJGitConfig(SystemReader.java:131) ~[na:na]
	at org.eclipse.jgit.util.SystemReader.getJGitConfig(SystemReader.java:348) ~[na:na]
	at org.eclipse.jgit.util.SystemReader.getSystemConfig(SystemReader.java:373) ~[na:na]
	at org.eclipse.jgit.util.SystemReader.getUserConfig(SystemReader.java:321) ~[na:na]
	at org.eclipse.egit.core.Activator$EclipseSystemReader.getUserConfig(Activator.java:1177) ~[na:na]
	at org.eclipse.jgit.util.Monitoring.registerMBean(Monitoring.java:54) ~[na:na]
	at org.eclipse.jgit.internal.storage.file.WindowCache.<init>(WindowCache.java:474) ~[na:na]
	at org.eclipse.jgit.internal.storage.file.WindowCache.reconfigure(WindowCache.java:362) ~[na:na]
	at org.eclipse.jgit.internal.storage.file.WindowCache.<clinit>(WindowCache.java:343) ~[na:na]
	at org.eclipse.jgit.storage.file.WindowCacheConfig.install(WindowCacheConfig.java:304) ~[na:na]
	at org.eclipse.egit.core.project.GitProjectData.reconfigureWindowCache(GitProjectData.java:429) ~[na:na]
	at org.eclipse.egit.core.Activator.start(Activator.java:260) ~[na:na]
	at org.eclipse.osgi.internal.framework.BundleContextImpl$3.run(BundleContextImpl.java:843) ~[org.eclipse.osgi_3.15.300.v20200520-1959.jar:na]
	at org.eclipse.osgi.internal.framework.BundleContextImpl$3.run(BundleContextImpl.java:1) ~[org.eclipse.osgi_3.15.300.v20200520-1959.jar:na]
	at java.base/java.security.AccessController.doPrivileged(Native Method) ~[na:na]
	at org.eclipse.osgi.internal.framework.BundleContextImpl.startActivator(BundleContextImpl.java:835) ~[org.eclipse.osgi_3.15.300.v20200520-1959.jar:na]
	at org.eclipse.osgi.internal.framework.BundleContextImpl.start(BundleContextImpl.java:792) ~[org.eclipse.osgi_3.15.300.v20200520-1959.jar:na]
	at org.eclipse.osgi.internal.framework.EquinoxBundle.startWorker0(EquinoxBundle.java:1015) ~[org.eclipse.osgi_3.15.300.v20200520-1959.jar:na]
	at org.eclipse.osgi.internal.framework.EquinoxBundle$EquinoxModule.startWorker(EquinoxBundle.java:365) ~[org.eclipse.osgi_3.15.300.v20200520-1959.jar:na]
	at org.eclipse.osgi.container.Module.doStart(Module.java:605) ~[org.eclipse.osgi_3.15.300.v20200520-1959.jar:na]
	at org.eclipse.osgi.container.Module.start(Module.java:468) ~[org.eclipse.osgi_3.15.300.v20200520-1959.jar:na]
	at org.eclipse.osgi.framework.util.SecureAction.start(SecureAction.java:493) ~[org.eclipse.osgi_3.15.300.v20200520-1959.jar:na]
	at org.eclipse.osgi.internal.hooks.EclipseLazyStarter.postFindLocalClass(EclipseLazyStarter.java:117) ~[na:na]
	at org.eclipse.osgi.internal.loader.classpath.ClasspathManager.findLocalClass(ClasspathManager.java:571) ~[org.eclipse.osgi_3.15.300.v20200520-1959.jar:na]
	at org.eclipse.osgi.internal.loader.ModuleClassLoader.findLocalClass(ModuleClassLoader.java:346) ~[org.eclipse.osgi_3.15.300.v20200520-1959.jar:na]
	at org.eclipse.osgi.internal.loader.BundleLoader.findLocalClass(BundleLoader.java:398) ~[org.eclipse.osgi_3.15.300.v20200520-1959.jar:na]
	at org.eclipse.osgi.internal.loader.sources.SingleSourcePackage.loadClass(SingleSourcePackage.java:41) ~[org.eclipse.osgi_3.15.300.v20200520-1959.jar:na]
	at org.eclipse.osgi.internal.loader.BundleLoader.findClass(BundleLoader.java:456) ~[org.eclipse.osgi_3.15.300.v20200520-1959.jar:na]
	at org.eclipse.osgi.internal.loader.ModuleClassLoader.loadClass(ModuleClassLoader.java:171) ~[org.eclipse.osgi_3.15.300.v20200520-1959.jar:na]
	at java.base/java.lang.ClassLoader.loadClass(ClassLoader.java:521) ~[na:na]
	at org.eclipse.egit.ui.Activator$RepositoryChangeScanner.<init>(Activator.java:632) ~[na:na]
	at org.eclipse.egit.ui.Activator.setupRepoChangeScanner(Activator.java:897) ~[na:na]
	at org.eclipse.egit.ui.Activator.start(Activator.java:348) ~[na:na]
	at org.eclipse.osgi.internal.framework.BundleContextImpl$3.run(BundleContextImpl.java:843) ~[org.eclipse.osgi_3.15.300.v20200520-1959.jar:na]
	at org.eclipse.osgi.internal.framework.BundleContextImpl$3.run(BundleContextImpl.java:1) ~[org.eclipse.osgi_3.15.300.v20200520-1959.jar:na]
	at java.base/java.security.AccessController.doPrivileged(Native Method) ~[na:na]
	at org.eclipse.osgi.internal.framework.BundleContextImpl.startActivator(BundleContextImpl.java:835) ~[org.eclipse.osgi_3.15.300.v20200520-1959.jar:na]
	at org.eclipse.osgi.internal.framework.BundleContextImpl.start(BundleContextImpl.java:792) ~[org.eclipse.osgi_3.15.300.v20200520-1959.jar:na]
	at org.eclipse.osgi.internal.framework.EquinoxBundle.startWorker0(EquinoxBundle.java:1015) ~[org.eclipse.osgi_3.15.300.v20200520-1959.jar:na]
	at org.eclipse.osgi.internal.framework.EquinoxBundle$EquinoxModule.startWorker(EquinoxBundle.java:365) ~[org.eclipse.osgi_3.15.300.v20200520-1959.jar:na]
	at org.eclipse.osgi.container.Module.doStart(Module.java:605) ~[org.eclipse.osgi_3.15.300.v20200520-1959.jar:na]
	at org.eclipse.osgi.container.Module.start(Module.java:468) ~[org.eclipse.osgi_3.15.300.v20200520-1959.jar:na]
	at org.eclipse.osgi.framework.util.SecureAction.start(SecureAction.java:493) ~[org.eclipse.osgi_3.15.300.v20200520-1959.jar:na]
	at org.eclipse.osgi.internal.hooks.EclipseLazyStarter.postFindLocalClass(EclipseLazyStarter.java:117) ~[na:na]
	at org.eclipse.osgi.internal.loader.classpath.ClasspathManager.findLocalClass(ClasspathManager.java:571) ~[org.eclipse.osgi_3.15.300.v20200520-1959.jar:na]
	at org.eclipse.osgi.internal.loader.ModuleClassLoader.findLocalClass(ModuleClassLoader.java:346) ~[org.eclipse.osgi_3.15.300.v20200520-1959.jar:na]
	at org.eclipse.osgi.internal.loader.BundleLoader.findLocalClass(BundleLoader.java:398) ~[org.eclipse.osgi_3.15.300.v20200520-1959.jar:na]
	at org.eclipse.osgi.internal.loader.BundleLoader.findClass(BundleLoader.java:477) ~[org.eclipse.osgi_3.15.300.v20200520-1959.jar:na]
	at org.eclipse.osgi.internal.loader.ModuleClassLoader.loadClass(ModuleClassLoader.java:171) ~[org.eclipse.osgi_3.15.300.v20200520-1959.jar:na]
	at java.base/java.lang.ClassLoader.loadClass(ClassLoader.java:521) ~[na:na]
	at org.eclipse.osgi.internal.framework.EquinoxBundle.loadClass(EquinoxBundle.java:620) ~[org.eclipse.osgi_3.15.300.v20200520-1959.jar:na]
	at org.eclipse.core.internal.registry.osgi.RegistryStrategyOSGI.createExecutableExtension(RegistryStrategyOSGI.java:196) ~[org.eclipse.equinox.registry_3.8.800.v20200406-0956.jar:na]
	at org.eclipse.core.internal.registry.ExtensionRegistry.createExecutableExtension(ExtensionRegistry.java:923) ~[org.eclipse.equinox.registry_3.8.800.v20200406-0956.jar:na]
	at org.eclipse.core.internal.registry.ConfigurationElement.createExecutableExtension(ConfigurationElement.java:246) ~[org.eclipse.equinox.registry_3.8.800.v20200406-0956.jar:na]
	at org.eclipse.core.internal.registry.ConfigurationElementHandle.createExecutableExtension(ConfigurationElementHandle.java:63) ~[org.eclipse.equinox.registry_3.8.800.v20200406-0956.jar:na]
	at org.eclipse.ui.internal.services.WorkbenchServiceRegistry.getSourceProviders(WorkbenchServiceRegistry.java:170) ~[na:na]
	at org.eclipse.ui.internal.services.SourceProviderService.readRegistry(SourceProviderService.java:104) ~[na:na]
	at org.eclipse.ui.internal.Workbench$34.runWithException(Workbench.java:2322) ~[na:na]
	at org.eclipse.ui.internal.StartupThreading$StartupRunnable.run(StartupThreading.java:36) ~[na:na]
	at org.eclipse.swt.widgets.Synchronizer.syncExec(Synchronizer.java:236) ~[org.eclipse.swt.win32.win32.x86_64_3.114.100.v20200604-0951.jar:na]
	at org.eclipse.ui.internal.UISynchronizer.syncExec(UISynchronizer.java:133) ~[na:na]
	at org.eclipse.swt.widgets.Display.syncExec(Display.java:4735) ~[org.eclipse.swt.win32.win32.x86_64_3.114.100.v20200604-0951.jar:na]
	at org.eclipse.ui.internal.StartupThreading.runWithoutExceptions(StartupThreading.java:94) ~[na:na]
	at org.eclipse.ui.internal.Workbench.initializeDefaultServices(Workbench.java:2317) ~[na:na]
	at org.eclipse.ui.internal.Workbench.init(Workbench.java:1640) ~[na:na]
	at org.eclipse.ui.internal.Workbench.runUI(Workbench.java:2793) ~[na:na]
	at org.eclipse.ui.internal.Workbench.lambda$3(Workbench.java:646) ~[na:na]
	at org.eclipse.core.databinding.observable.Realm.runWithDefault(Realm.java:338) ~[na:na]
	at org.eclipse.ui.internal.Workbench.createAndRunWorkbench(Workbench.java:557) ~[na:na]
	at org.eclipse.ui.PlatformUI.createAndRunWorkbench(PlatformUI.java:154) ~[na:na]
	at org.eclipse.ui.internal.ide.application.IDEApplication.start(IDEApplication.java:150) ~[na:na]
	at org.eclipse.equinox.internal.app.EclipseAppHandle.run(EclipseAppHandle.java:203) ~[org.eclipse.equinox.app_1.4.500.v20200422-1833.jar:na]
	at org.eclipse.core.runtime.internal.adaptor.EclipseAppLauncher.runApplication(EclipseAppLauncher.java:137) ~[org.eclipse.osgi_3.15.300.v20200520-1959.jar:na]
	at org.eclipse.core.runtime.internal.adaptor.EclipseAppLauncher.start(EclipseAppLauncher.java:107) ~[org.eclipse.osgi_3.15.300.v20200520-1959.jar:na]
	at org.eclipse.core.runtime.adaptor.EclipseStarter.run(EclipseStarter.java:401) ~[org.eclipse.osgi_3.15.300.v20200520-1959.jar:na]
	at org.eclipse.core.runtime.adaptor.EclipseStarter.run(EclipseStarter.java:255) ~[org.eclipse.osgi_3.15.300.v20200520-1959.jar:na]
	at java.base/jdk.internal.reflect.NativeMethodAccessorImpl.invoke0(Native Method) ~[na:na]
	at java.base/jdk.internal.reflect.NativeMethodAccessorImpl.invoke(NativeMethodAccessorImpl.java:62) ~[na:na]
	at java.base/jdk.internal.reflect.DelegatingMethodAccessorImpl.invoke(DelegatingMethodAccessorImpl.java:43) ~[na:na]
	at java.base/java.lang.reflect.Method.invoke(Method.java:566) ~[na:na]
	at org.eclipse.equinox.launcher.Main.invokeFramework(Main.java:657) ~[org.eclipse.equinox.launcher_1.5.700.v20200207-2156.jar:na]
	at org.eclipse.equinox.launcher.Main.basicRun(Main.java:594) ~[org.eclipse.equinox.launcher_1.5.700.v20200207-2156.jar:na]
	at org.eclipse.equinox.launcher.Main.run(Main.java:1447) ~[org.eclipse.equinox.launcher_1.5.700.v20200207-2156.jar:na]
2020-10-22 12:28:14,303 [Worker-4: Loading available Gradle versions] INFO  o.e.b.c.i.u.g.PublishedGradleVersions - Gradle version information cache is up-to-date. Trying to read.
2020-10-22 12:28:15,713 [FileStoreAttributeReader-1] ERROR org.eclipse.jgit.util.FS - Cannot save config file 'FileBasedConfig[U:\.jgitconfig]'
java.io.IOException: Creating directories for U:\ failed
	at org.eclipse.jgit.util.FileUtils.mkdirs(FileUtils.java:411) ~[na:na]
	at org.eclipse.jgit.internal.storage.file.LockFile.lock(LockFile.java:130) ~[na:na]
	at org.eclipse.jgit.storage.file.FileBasedConfig.save(FileBasedConfig.java:219) ~[na:na]
	at org.eclipse.jgit.util.FS$FileStoreAttributes.saveToConfig(FS.java:594) ~[na:na]
	at org.eclipse.jgit.util.FS$FileStoreAttributes.lambda$1(FS.java:370) ~[na:na]
	at java.base/java.util.concurrent.CompletableFuture$AsyncSupply.run(CompletableFuture.java:1700) ~[na:na]
	at java.base/java.util.concurrent.ThreadPoolExecutor.runWorker(ThreadPoolExecutor.java:1128) ~[na:na]
	at java.base/java.util.concurrent.ThreadPoolExecutor$Worker.run(ThreadPoolExecutor.java:628) ~[na:na]
	at java.base/java.lang.Thread.run(Thread.java:834) ~[na:na]
2020-10-22 12:39:05,357 [ModalContext] WARN  org.eclipse.jgit.lib.Repository - close() called when useCnt is already zero for Repository[C:\Users\belarbim\Desktop\enseignement\IALTEM\StyleArchitecture\testProject1\.git]
2020-10-22 12:42:22,646 [main] ERROR org.eclipse.jgit.util.SystemReader - Creating XDG_CONFIG_HOME directory U:\.config failed
java.nio.file.FileSystemException: U:\.config: Unable to determine if root directory exists
	at java.base/java.nio.file.Files.createDirectories(Files.java:771) ~[na:na]
	at org.eclipse.jgit.util.SystemReader$Default.getXDGConfigHome(SystemReader.java:120) ~[na:na]
	at org.eclipse.jgit.util.SystemReader$Default.openJGitConfig(SystemReader.java:131) ~[na:na]
	at org.eclipse.jgit.util.SystemReader.getJGitConfig(SystemReader.java:348) ~[na:na]
	at org.eclipse.jgit.util.SystemReader.getSystemConfig(SystemReader.java:373) ~[na:na]
	at org.eclipse.jgit.util.SystemReader.getUserConfig(SystemReader.java:321) ~[na:na]
	at org.eclipse.egit.core.Activator$EclipseSystemReader.getUserConfig(Activator.java:1177) ~[na:na]
	at org.eclipse.jgit.util.Monitoring.registerMBean(Monitoring.java:54) ~[na:na]
	at org.eclipse.jgit.internal.storage.file.WindowCache.<init>(WindowCache.java:474) ~[na:na]
	at org.eclipse.jgit.internal.storage.file.WindowCache.reconfigure(WindowCache.java:362) ~[na:na]
	at org.eclipse.jgit.internal.storage.file.WindowCache.<clinit>(WindowCache.java:343) ~[na:na]
	at org.eclipse.jgit.storage.file.WindowCacheConfig.install(WindowCacheConfig.java:304) ~[na:na]
	at org.eclipse.egit.core.project.GitProjectData.reconfigureWindowCache(GitProjectData.java:429) ~[na:na]
	at org.eclipse.egit.core.Activator.start(Activator.java:260) ~[na:na]
	at org.eclipse.osgi.internal.framework.BundleContextImpl$3.run(BundleContextImpl.java:843) ~[org.eclipse.osgi_3.15.300.v20200520-1959.jar:na]
	at org.eclipse.osgi.internal.framework.BundleContextImpl$3.run(BundleContextImpl.java:1) ~[org.eclipse.osgi_3.15.300.v20200520-1959.jar:na]
	at java.base/java.security.AccessController.doPrivileged(Native Method) ~[na:na]
	at org.eclipse.osgi.internal.framework.BundleContextImpl.startActivator(BundleContextImpl.java:835) ~[org.eclipse.osgi_3.15.300.v20200520-1959.jar:na]
	at org.eclipse.osgi.internal.framework.BundleContextImpl.start(BundleContextImpl.java:792) ~[org.eclipse.osgi_3.15.300.v20200520-1959.jar:na]
	at org.eclipse.osgi.internal.framework.EquinoxBundle.startWorker0(EquinoxBundle.java:1015) ~[org.eclipse.osgi_3.15.300.v20200520-1959.jar:na]
	at org.eclipse.osgi.internal.framework.EquinoxBundle$EquinoxModule.startWorker(EquinoxBundle.java:365) ~[org.eclipse.osgi_3.15.300.v20200520-1959.jar:na]
	at org.eclipse.osgi.container.Module.doStart(Module.java:605) ~[org.eclipse.osgi_3.15.300.v20200520-1959.jar:na]
	at org.eclipse.osgi.container.Module.start(Module.java:468) ~[org.eclipse.osgi_3.15.300.v20200520-1959.jar:na]
	at org.eclipse.osgi.framework.util.SecureAction.start(SecureAction.java:493) ~[org.eclipse.osgi_3.15.300.v20200520-1959.jar:na]
	at org.eclipse.osgi.internal.hooks.EclipseLazyStarter.postFindLocalClass(EclipseLazyStarter.java:117) ~[na:na]
	at org.eclipse.osgi.internal.loader.classpath.ClasspathManager.findLocalClass(ClasspathManager.java:571) ~[org.eclipse.osgi_3.15.300.v20200520-1959.jar:na]
	at org.eclipse.osgi.internal.loader.ModuleClassLoader.findLocalClass(ModuleClassLoader.java:346) ~[org.eclipse.osgi_3.15.300.v20200520-1959.jar:na]
	at org.eclipse.osgi.internal.loader.BundleLoader.findLocalClass(BundleLoader.java:398) ~[org.eclipse.osgi_3.15.300.v20200520-1959.jar:na]
	at org.eclipse.osgi.internal.loader.sources.SingleSourcePackage.loadClass(SingleSourcePackage.java:41) ~[org.eclipse.osgi_3.15.300.v20200520-1959.jar:na]
	at org.eclipse.osgi.internal.loader.BundleLoader.findClass(BundleLoader.java:456) ~[org.eclipse.osgi_3.15.300.v20200520-1959.jar:na]
	at org.eclipse.osgi.internal.loader.ModuleClassLoader.loadClass(ModuleClassLoader.java:171) ~[org.eclipse.osgi_3.15.300.v20200520-1959.jar:na]
	at java.base/java.lang.ClassLoader.loadClass(ClassLoader.java:521) ~[na:na]
	at org.eclipse.egit.ui.Activator$RepositoryChangeScanner.<init>(Activator.java:632) ~[na:na]
	at org.eclipse.egit.ui.Activator.setupRepoChangeScanner(Activator.java:897) ~[na:na]
	at org.eclipse.egit.ui.Activator.start(Activator.java:348) ~[na:na]
	at org.eclipse.osgi.internal.framework.BundleContextImpl$3.run(BundleContextImpl.java:843) ~[org.eclipse.osgi_3.15.300.v20200520-1959.jar:na]
	at org.eclipse.osgi.internal.framework.BundleContextImpl$3.run(BundleContextImpl.java:1) ~[org.eclipse.osgi_3.15.300.v20200520-1959.jar:na]
	at java.base/java.security.AccessController.doPrivileged(Native Method) ~[na:na]
	at org.eclipse.osgi.internal.framework.BundleContextImpl.startActivator(BundleContextImpl.java:835) ~[org.eclipse.osgi_3.15.300.v20200520-1959.jar:na]
	at org.eclipse.osgi.internal.framework.BundleContextImpl.start(BundleContextImpl.java:792) ~[org.eclipse.osgi_3.15.300.v20200520-1959.jar:na]
	at org.eclipse.osgi.internal.framework.EquinoxBundle.startWorker0(EquinoxBundle.java:1015) ~[org.eclipse.osgi_3.15.300.v20200520-1959.jar:na]
	at org.eclipse.osgi.internal.framework.EquinoxBundle$EquinoxModule.startWorker(EquinoxBundle.java:365) ~[org.eclipse.osgi_3.15.300.v20200520-1959.jar:na]
	at org.eclipse.osgi.container.Module.doStart(Module.java:605) ~[org.eclipse.osgi_3.15.300.v20200520-1959.jar:na]
	at org.eclipse.osgi.container.Module.start(Module.java:468) ~[org.eclipse.osgi_3.15.300.v20200520-1959.jar:na]
	at org.eclipse.osgi.framework.util.SecureAction.start(SecureAction.java:493) ~[org.eclipse.osgi_3.15.300.v20200520-1959.jar:na]
	at org.eclipse.osgi.internal.hooks.EclipseLazyStarter.postFindLocalClass(EclipseLazyStarter.java:117) ~[na:na]
	at org.eclipse.osgi.internal.loader.classpath.ClasspathManager.findLocalClass(ClasspathManager.java:571) ~[org.eclipse.osgi_3.15.300.v20200520-1959.jar:na]
	at org.eclipse.osgi.internal.loader.ModuleClassLoader.findLocalClass(ModuleClassLoader.java:346) ~[org.eclipse.osgi_3.15.300.v20200520-1959.jar:na]
	at org.eclipse.osgi.internal.loader.BundleLoader.findLocalClass(BundleLoader.java:398) ~[org.eclipse.osgi_3.15.300.v20200520-1959.jar:na]
	at org.eclipse.osgi.internal.loader.BundleLoader.findClass(BundleLoader.java:477) ~[org.eclipse.osgi_3.15.300.v20200520-1959.jar:na]
	at org.eclipse.osgi.internal.loader.ModuleClassLoader.loadClass(ModuleClassLoader.java:171) ~[org.eclipse.osgi_3.15.300.v20200520-1959.jar:na]
	at java.base/java.lang.ClassLoader.loadClass(ClassLoader.java:521) ~[na:na]
	at org.eclipse.osgi.internal.framework.EquinoxBundle.loadClass(EquinoxBundle.java:620) ~[org.eclipse.osgi_3.15.300.v20200520-1959.jar:na]
	at org.eclipse.core.internal.registry.osgi.RegistryStrategyOSGI.createExecutableExtension(RegistryStrategyOSGI.java:196) ~[org.eclipse.equinox.registry_3.8.800.v20200406-0956.jar:na]
	at org.eclipse.core.internal.registry.ExtensionRegistry.createExecutableExtension(ExtensionRegistry.java:923) ~[org.eclipse.equinox.registry_3.8.800.v20200406-0956.jar:na]
	at org.eclipse.core.internal.registry.ConfigurationElement.createExecutableExtension(ConfigurationElement.java:246) ~[org.eclipse.equinox.registry_3.8.800.v20200406-0956.jar:na]
	at org.eclipse.core.internal.registry.ConfigurationElementHandle.createExecutableExtension(ConfigurationElementHandle.java:63) ~[org.eclipse.equinox.registry_3.8.800.v20200406-0956.jar:na]
	at org.eclipse.ui.internal.services.WorkbenchServiceRegistry.getSourceProviders(WorkbenchServiceRegistry.java:170) ~[na:na]
	at org.eclipse.ui.internal.services.SourceProviderService.readRegistry(SourceProviderService.java:104) ~[na:na]
	at org.eclipse.ui.internal.Workbench$34.runWithException(Workbench.java:2322) ~[na:na]
	at org.eclipse.ui.internal.StartupThreading$StartupRunnable.run(StartupThreading.java:36) ~[na:na]
	at org.eclipse.swt.widgets.Synchronizer.syncExec(Synchronizer.java:236) ~[org.eclipse.swt.win32.win32.x86_64_3.114.100.v20200604-0951.jar:na]
	at org.eclipse.ui.internal.UISynchronizer.syncExec(UISynchronizer.java:133) ~[na:na]
	at org.eclipse.swt.widgets.Display.syncExec(Display.java:4735) ~[org.eclipse.swt.win32.win32.x86_64_3.114.100.v20200604-0951.jar:na]
	at org.eclipse.ui.internal.StartupThreading.runWithoutExceptions(StartupThreading.java:94) ~[na:na]
	at org.eclipse.ui.internal.Workbench.initializeDefaultServices(Workbench.java:2317) ~[na:na]
	at org.eclipse.ui.internal.Workbench.init(Workbench.java:1640) ~[na:na]
	at org.eclipse.ui.internal.Workbench.runUI(Workbench.java:2793) ~[na:na]
	at org.eclipse.ui.internal.Workbench.lambda$3(Workbench.java:646) ~[na:na]
	at org.eclipse.core.databinding.observable.Realm.runWithDefault(Realm.java:338) ~[na:na]
	at org.eclipse.ui.internal.Workbench.createAndRunWorkbench(Workbench.java:557) ~[na:na]
	at org.eclipse.ui.PlatformUI.createAndRunWorkbench(PlatformUI.java:154) ~[na:na]
	at org.eclipse.ui.internal.ide.application.IDEApplication.start(IDEApplication.java:150) ~[na:na]
	at org.eclipse.equinox.internal.app.EclipseAppHandle.run(EclipseAppHandle.java:203) ~[org.eclipse.equinox.app_1.4.500.v20200422-1833.jar:na]
	at org.eclipse.core.runtime.internal.adaptor.EclipseAppLauncher.runApplication(EclipseAppLauncher.java:137) ~[org.eclipse.osgi_3.15.300.v20200520-1959.jar:na]
	at org.eclipse.core.runtime.internal.adaptor.EclipseAppLauncher.start(EclipseAppLauncher.java:107) ~[org.eclipse.osgi_3.15.300.v20200520-1959.jar:na]
	at org.eclipse.core.runtime.adaptor.EclipseStarter.run(EclipseStarter.java:401) ~[org.eclipse.osgi_3.15.300.v20200520-1959.jar:na]
	at org.eclipse.core.runtime.adaptor.EclipseStarter.run(EclipseStarter.java:255) ~[org.eclipse.osgi_3.15.300.v20200520-1959.jar:na]
	at java.base/jdk.internal.reflect.NativeMethodAccessorImpl.invoke0(Native Method) ~[na:na]
	at java.base/jdk.internal.reflect.NativeMethodAccessorImpl.invoke(NativeMethodAccessorImpl.java:62) ~[na:na]
	at java.base/jdk.internal.reflect.DelegatingMethodAccessorImpl.invoke(DelegatingMethodAccessorImpl.java:43) ~[na:na]
	at java.base/java.lang.reflect.Method.invoke(Method.java:566) ~[na:na]
	at org.eclipse.equinox.launcher.Main.invokeFramework(Main.java:657) ~[org.eclipse.equinox.launcher_1.5.700.v20200207-2156.jar:na]
	at org.eclipse.equinox.launcher.Main.basicRun(Main.java:594) ~[org.eclipse.equinox.launcher_1.5.700.v20200207-2156.jar:na]
	at org.eclipse.equinox.launcher.Main.run(Main.java:1447) ~[org.eclipse.equinox.launcher_1.5.700.v20200207-2156.jar:na]
2020-10-22 12:42:34,307 [Worker-4: Loading available Gradle versions] INFO  o.e.b.c.i.u.g.PublishedGradleVersions - Gradle version information cache is up-to-date. Trying to read.
2020-10-22 12:44:50,498 [FileStoreAttributeReader-1] ERROR org.eclipse.jgit.util.FS - Cannot save config file 'FileBasedConfig[U:\.jgitconfig]'
java.io.IOException: Creating directories for U:\ failed
	at org.eclipse.jgit.util.FileUtils.mkdirs(FileUtils.java:411) ~[na:na]
	at org.eclipse.jgit.internal.storage.file.LockFile.lock(LockFile.java:130) ~[na:na]
	at org.eclipse.jgit.storage.file.FileBasedConfig.save(FileBasedConfig.java:219) ~[na:na]
	at org.eclipse.jgit.util.FS$FileStoreAttributes.saveToConfig(FS.java:594) ~[na:na]
	at org.eclipse.jgit.util.FS$FileStoreAttributes.lambda$1(FS.java:370) ~[na:na]
	at java.base/java.util.concurrent.CompletableFuture$AsyncSupply.run(CompletableFuture.java:1700) ~[na:na]
	at java.base/java.util.concurrent.ThreadPoolExecutor.runWorker(ThreadPoolExecutor.java:1128) ~[na:na]
	at java.base/java.util.concurrent.ThreadPoolExecutor$Worker.run(ThreadPoolExecutor.java:628) ~[na:na]
	at java.base/java.lang.Thread.run(Thread.java:834) ~[na:na]
2020-10-23 08:14:15,092 [Worker-288: Remove Repositories] WARN  org.eclipse.jgit.lib.Repository - close() called when useCnt is already zero for Repository[C:\Users\belarbim\Desktop\enseignement\IALTEM\StyleArchitecture\tmp\testProject1\.git]
2020-10-23 08:16:08,283 [Worker-286: Git Repository Change Scanner] WARN  org.eclipse.jgit.lib.Repository - close() called when useCnt is already zero for Repository[C:\Users\belarbim\Desktop\enseignement\IALTEM\StyleArchitecture\tmp\testProject1\testProject1\.git]
